0 info it worked if it ends with ok
1 verbose cli [ '/usr/local/bin/node',
1 verbose cli   '/usr/local/bin/npm',
1 verbose cli   'install',
1 verbose cli   'ardrone-wpa2' ]
2 info using npm@1.3.11
3 info using node@v0.10.21
4 warn package.json node9000@0.0.1 No repository field.
5 verbose readDependencies using package.json deps
6 verbose cache add [ 'ardrone-wpa2', null ]
7 verbose cache add name=undefined spec="ardrone-wpa2" args=["ardrone-wpa2",null]
8 verbose parsed url { protocol: null,
8 verbose parsed url   slashes: null,
8 verbose parsed url   auth: null,
8 verbose parsed url   host: null,
8 verbose parsed url   port: null,
8 verbose parsed url   hostname: null,
8 verbose parsed url   hash: null,
8 verbose parsed url   search: null,
8 verbose parsed url   query: null,
8 verbose parsed url   pathname: 'ardrone-wpa2',
8 verbose parsed url   path: 'ardrone-wpa2',
8 verbose parsed url   href: 'ardrone-wpa2' }
9 silly lockFile 661a0c1a-ardrone-wpa2 ardrone-wpa2
10 verbose lock ardrone-wpa2 /home/tim/.npm/661a0c1a-ardrone-wpa2.lock
11 silly lockFile 661a0c1a-ardrone-wpa2 ardrone-wpa2
12 silly lockFile 661a0c1a-ardrone-wpa2 ardrone-wpa2
13 verbose addNamed [ 'ardrone-wpa2', '' ]
14 verbose addNamed [ null, '*' ]
15 silly lockFile 3072da40-ardrone-wpa2 ardrone-wpa2@
16 verbose lock ardrone-wpa2@ /home/tim/.npm/3072da40-ardrone-wpa2.lock
17 silly addNameRange { name: 'ardrone-wpa2', range: '*', hasData: false }
18 verbose url raw ardrone-wpa2
19 verbose url resolving [ 'http://registry.npmjs.org/', './ardrone-wpa2' ]
20 verbose url resolved http://registry.npmjs.org/ardrone-wpa2
21 info trying registry request attempt 1 at 19:05:52
22 http GET http://registry.npmjs.org/ardrone-wpa2
23 http 404 http://registry.npmjs.org/ardrone-wpa2
24 silly registry.get cb [ 404,
24 silly registry.get   { server: 'CouchDB/1.3.1 (Erlang OTP/R15B03)',
24 silly registry.get     date: 'Sat, 23 Nov 2013 19:05:53 GMT',
24 silly registry.get     'content-type': 'application/json',
24 silly registry.get     'content-length': '52',
24 silly registry.get     'cache-control': 'must-revalidate' } ]
25 silly lockFile 3072da40-ardrone-wpa2 ardrone-wpa2@
26 silly lockFile 3072da40-ardrone-wpa2 ardrone-wpa2@
27 error 404 'ardrone-wpa2' is not in the npm registry.
27 error 404 You should bug the author to publish it
27 error 404
27 error 404 Note that you can also install from a
27 error 404 tarball, folder, or http url, or git url.
28 error System Linux 3.8.0-26-generic
29 error command "/usr/local/bin/node" "/usr/local/bin/npm" "install" "ardrone-wpa2"
30 error cwd /home/tim/p/voicecopter
31 error node -v v0.10.21
32 error npm -v 1.3.11
33 error code E404
34 verbose exit [ 1, true ]
